<?xml version="1.0" encoding="UTF-8"?>
<Site BuildName="(empty)"
	BuildStamp="20251204-1850-Experimental"
	Name="nano"
	Generator="ctest-3.22.1"
	CompilerName="/usr/bin/c++"
	CompilerVersion="11.4.0"
	OSName="Linux"
	Hostname="nano"
	OSRelease="4.9.253-tegra"
	OSVersion="#1 SMP PREEMPT Mon Jul 26 12:13:06 PDT 2021"
	OSPlatform="aarch64"
	Is64Bits="1"
	VendorString=""
	VendorID="Unknown Manufacturer"
	FamilyID="8"
	ModelID="0"
	ProcessorCacheSize="0"
	NumberOfLogicalCPU="4"
	NumberOfPhysicalCPU="1"
	TotalVirtualMemory="10170"
	TotalPhysicalMemory="3956"
	LogicalProcessorsPerPhysical="4"
	ProcessorClockFrequency="0"
	>
	<Testing>
		<StartDateTime>Dec 04 23:17 UTC</StartDateTime>
		<StartTestTime>1764890240</StartTestTime>
		<TestList/>
		<EndDateTime>Dec 04 23:17 UTC</EndDateTime>
		<EndTestTime>1764890240</EndTestTime>
		<ElapsedMinutes>0</ElapsedMinutes>
	</Testing>
</Site>
